2023-11-07 18:17:23,350 [     12]   INFO - #c.i.i.AppStarter - ------------------------------------------------------ IDE STARTED ------------------------------------------------------
2023-11-07 18:17:24,105 [    767]   INFO - #c.i.i.p.PluginManager - Plugin PluginDescriptor(name=Groovy, id=org.intellij.groovy, descriptorPath=plugin.xml, path=~\.gradle\caches\modules-2\files-2.1\com.jetbrains.intellij.idea\ideaIC\231.9011.34\e30eed039f2604c455e52b89e4b9e32a2bab9ef5\ideaIC-231.9011.34\plugins\Groovy, version=231.9011.34, package=org.jetbrains.plugins.groovy, isBundled=true) misses optional descriptor duplicates-groovy.xml
2023-11-07 18:17:24,109 [    771]   INFO - #c.i.i.p.PluginManager - Plugin PluginDescriptor(name=Groovy, id=org.intellij.groovy, descriptorPath=plugin.xml, path=~\.gradle\caches\modules-2\files-2.1\com.jetbrains.intellij.idea\ideaIC\231.9011.34\e30eed039f2604c455e52b89e4b9e32a2bab9ef5\ideaIC-231.9011.34\plugins\Groovy, version=231.9011.34, package=org.jetbrains.plugins.groovy, isBundled=true) misses optional descriptor duplicates-detection-groovy.xml
2023-11-07 18:17:24,750 [   1412]   INFO - #c.i.i.AppStarter - JNA library (64-bit) loaded in 1327 ms
2023-11-07 18:17:24,780 [   1442]   INFO - #c.i.i.AppStarter - IDE: IntelliJ IDEA (build #IC-231.9011.34, 16 May 2023 10:30)
2023-11-07 18:17:24,782 [   1444]   INFO - #c.i.i.AppStarter - OS: Windows (10.0, amd64)
2023-11-07 18:17:24,783 [   1445]   INFO - #c.i.i.AppStarter - JRE: 17.0.6+10-b829.9 (JetBrains s.r.o.)
2023-11-07 18:17:24,785 [   1447]   INFO - #c.i.i.AppStarter - JVM: 17.0.6+10-b829.9 (OpenJDK 64-Bit Server VM)
2023-11-07 18:17:24,793 [   1455]   INFO - #c.i.i.AppStarter - PID: 8996
2023-11-07 18:17:24,798 [   1460]   INFO - #c.i.i.AppStarter - JVM options: [-Didea.auto.reload.plugins=true, -Didea.classpath.index.enabled=false, -Didea.config.path=C:\Users\Ajith\Downloads\pitestErrorProject\build\idea-sandbox\config, -Didea.is.internal=true, -Didea.log.path=C:\Users\Ajith\Downloads\pitestErrorProject\build\idea-sandbox\system\log, -Didea.paths.selector=IdeaIC2023.1, -Didea.platform.prefix=Idea, -Didea.plugin.in.sandbox.mode=true, -Didea.plugins.path=C:\Users\Ajith\Downloads\pitestErrorProject\build\idea-sandbox\plugins, -Didea.system.path=C:\Users\Ajith\Downloads\pitestErrorProject\build\idea-sandbox\system, -Didea.vendor.name=JetBrains, -Djava.system.class.loader=com.intellij.util.lang.PathClassLoader, -Djbr.catch.SIGABRT=true, -Djdk.attach.allowAttachSelf=true, -Djdk.http.auth.tunneling.disabledSchemes=, -Djdk.module.illegalAccess.silent=true, -Djna.boot.library.path=C:\Users\Ajith\.gradle\caches\modules-2\files-2.1\com.jetbrains.intellij.idea\ideaIC\231.9011.34\e30eed039f2604c455e52b89e4b9e32a2bab9ef5\ideaIC-231.9011.34/lib/jna/amd64, -Djna.noclasspath=true, -Djna.nosys=true, -Dkotlinx.coroutines.debug=off, -Dpty4j.preferred.native.folder=C:\Users\Ajith\.gradle\caches\modules-2\files-2.1\com.jetbrains.intellij.idea\ideaIC\231.9011.34\e30eed039f2604c455e52b89e4b9e32a2bab9ef5\ideaIC-231.9011.34/lib/pty4j, -Dsplash=true, -Dsun.io.useCanonCaches=false, -Dsun.java2d.metal=true, -XX:ReservedCodeCacheSize=512m, -XX:+UseG1GC, -XX:SoftRefLRUPolicyMSPerMB=50, -XX:CICompilerCount=2, -XX:+HeapDumpOnOutOfMemoryError, -XX:-OmitStackTraceInFastThrow, -XX:+IgnoreUnrecognizedVMOptions, -XX:CompileCommand=exclude,com/intellij/openapi/vfs/impl/FilePartNodeRoot,trieDescend, --add-opens=java.base/java.io=ALL-UNNAMED, --add-opens=java.base/java.lang=ALL-UNNAMED, --add-opens=java.base/java.lang.ref=ALL-UNNAMED, --add-opens=java.base/java.lang.reflect=ALL-UNNAMED, --add-opens=java.base/java.net=ALL-UNNAMED, --add-opens=java.base/java.nio=ALL-UNNAMED, --add-opens=java.base/java.nio.charset=ALL-UNNAMED, --add-opens=java.base/java.text=ALL-UNNAMED, --add-opens=java.base/java.time=ALL-UNNAMED, --add-opens=java.base/java.util=ALL-UNNAMED, --add-opens=java.base/java.util.concurrent=ALL-UNNAMED, --add-opens=java.base/java.util.concurrent.atomic=ALL-UNNAMED, --add-opens=java.base/jdk.internal.vm=ALL-UNNAMED, --add-opens=java.base/sun.nio.ch=ALL-UNNAMED, --add-opens=java.base/sun.nio.fs=ALL-UNNAMED, --add-opens=java.base/sun.security.ssl=ALL-UNNAMED, --add-opens=java.base/sun.security.util=ALL-UNNAMED, --add-opens=java.base/sun.net.dns=ALL-UNNAMED, --add-opens=java.desktop/java.awt=ALL-UNNAMED, --add-opens=java.desktop/java.awt.dnd.peer=ALL-UNNAMED, --add-opens=java.desktop/java.awt.event=ALL-UNNAMED, --add-opens=java.desktop/java.awt.image=ALL-UNNAMED, --add-opens=java.desktop/java.awt.peer=ALL-UNNAMED, --add-opens=java.desktop/java.awt.font=ALL-UNNAMED, --add-opens=java.desktop/javax.swing=ALL-UNNAMED, --add-opens=java.desktop/javax.swing.plaf.basic=ALL-UNNAMED, --add-opens=java.desktop/javax.swing.text.html=ALL-UNNAMED, --add-opens=java.desktop/sun.awt.datatransfer=ALL-UNNAMED, --add-opens=java.desktop/sun.awt.image=ALL-UNNAMED, --add-opens=java.desktop/sun.awt.windows=ALL-UNNAMED, --add-opens=java.desktop/sun.awt=ALL-UNNAMED, --add-opens=java.desktop/sun.font=ALL-UNNAMED, --add-opens=java.desktop/sun.java2d=ALL-UNNAMED, --add-opens=java.desktop/sun.swing=ALL-UNNAMED, --add-opens=jdk.attach/sun.tools.attach=ALL-UNNAMED, --add-opens=jdk.compiler/com.sun.tools.javac.api=ALL-UNNAMED, --add-opens=jdk.internal.jvmstat/sun.jvmstat.monitor=ALL-UNNAMED, --add-opens=jdk.jdi/com.sun.tools.jdi=ALL-UNNAMED, -Xms128m, -Xmx750m, -Dfile.encoding=windows-1252, -Duser.country=IN, -Duser.language=en, -Duser.variant, -ea]
2023-11-07 18:17:24,801 [   1463]   INFO - #c.i.i.AppStarter - args: traverseUI C:\Users\Ajith\Downloads\pitestErrorProject\build\searchableOptions true
2023-11-07 18:17:24,803 [   1465]   INFO - #c.i.i.AppStarter - library path: C:\Users\Ajith\.gradle\caches\modules-2\files-2.1\com.jetbrains\jbre\jbr_jcef-17.0.6-windows-x64-b829.9\extracted\jbr_jcef-17.0.6-windows-x64-b829.9\bin;C:\Windows\Sun\Java\bin;C:\Windows\system32;C:\Windows;C:\Windows\system32;C:\Windows;C:\Windows\System32\Wbem;C:\Windows\System32\WindowsPowerShell\v1.0\;C:\Windows\System32\OpenSSH\;C:\Program Files\Docker\Docker\resources\bin;C:\ProgramData\DockerDesktop\version-bin;C:\Program Files\Git\cmd;C:\Program Files\Git\bin;C:\Users\Ajith\AppData\Local\Microsoft\WindowsApps;.
2023-11-07 18:17:24,806 [   1468]   INFO - #c.i.i.AppStarter - boot library path: C:\Users\Ajith\.gradle\caches\modules-2\files-2.1\com.jetbrains\jbre\jbr_jcef-17.0.6-windows-x64-b829.9\extracted\jbr_jcef-17.0.6-windows-x64-b829.9\bin
2023-11-07 18:17:24,852 [   1514]   INFO - #c.i.i.AppStarter - locale=en_IN JNU=Cp1252 file.encoding=windows-1252
    idea.config.path=C:\Users\Ajith\Downloads\pitestErrorProject\build\idea-sandbox\config
    idea.system.path=C:\Users\Ajith\Downloads\pitestErrorProject\build\idea-sandbox\system
    idea.plugins.path=C:\Users\Ajith\Downloads\pitestErrorProject\build\idea-sandbox\plugins
    idea.log.path=C:\Users\Ajith\Downloads\pitestErrorProject\build\idea-sandbox\system\log
2023-11-07 18:17:24,865 [   1527]   INFO - #c.i.i.AppStarter - CPU cores: 4; ForkJoinPool.commonPool: java.util.concurrent.ForkJoinPool@1468510c[Running, parallelism = 4, size = 0, active = 0, running = 0, steals = 0, tasks = 0, submissions = 0]; factory: com.intellij.concurrency.IdeaForkJoinWorkerThreadFactory@59a5d3a4
2023-11-07 18:17:25,508 [   2170]   INFO - #c.i.i.p.PluginManager - Plugin PluginDescriptor(name=Kotlin, id=org.jetbrains.kotlin, descriptorPath=plugin.xml, path=~\.gradle\caches\modules-2\files-2.1\com.jetbrains.intellij.idea\ideaIC\231.9011.34\e30eed039f2604c455e52b89e4b9e32a2bab9ef5\ideaIC-231.9011.34\plugins\Kotlin, version=231-1.8.21-IJ9011.34, package=org.jetbrains.kotlin, isBundled=true) misses optional descriptor performance-plugin.xml
2023-11-07 18:17:25,665 [   2327]   INFO - #c.i.i.p.PluginManager - Module intellij.sh.python is not enabled because dependency com.intellij.modules.python is not available
Module intellij.space.gateway is not enabled because dependency com.jetbrains.gateway is not available
Module intellij.space.php is not enabled because dependency com.jetbrains.php is not available
Module intellij.space.index is not enabled because dependency intellij.indexing.shared is not available
2023-11-07 18:17:30,379 [   7041]   INFO - #c.i.u.i.PageCacheUtils - File page caching params:
2023-11-07 18:17:30,381 [   7043]   INFO - #c.i.u.i.PageCacheUtils - 	DEFAULT_PAGE_SIZE:10485760
2023-11-07 18:17:30,382 [   7044]   INFO - #c.i.u.i.PageCacheUtils - 	FilePageCache: regular
2023-11-07 18:17:30,383 [   7045]   INFO - #c.i.u.i.PageCacheUtils - 	DirectByteBuffers pool: 0 bytes
2023-11-07 18:17:30,422 [   7084]   WARN - #c.i.o.v.n.p.l.VfsLog - VFS Log version differs from the implementation version: log null vs implementation -43
2023-11-07 18:17:30,650 [   7312]   INFO - #com.android.tools.idea.serverflags.ServerFlagInitializer - Enabled server flags: 
2023-11-07 18:17:30,718 [   7380]   INFO - #c.i.o.v.n.p.PersistentFSConnector - VFS uses strict names enumerator
2023-11-07 18:17:30,804 [   7466]   INFO - #c.i.u.s.JBUIScale - System scale factor: 1.0 (IDE-managed HiDPI)
2023-11-07 18:17:30,869 [   7531]   INFO - #c.i.o.v.n.p.PersistentFSConnector - VFS uses regular attributes storage
2023-11-07 18:17:30,994 [   7656]   INFO - #c.i.i.p.ExpiredPluginsState - Plugins to skip: []
2023-11-07 18:17:31,144 [   7806]   INFO - #c.i.o.v.n.p.FSRecords - using REGULAR storage for VFS records
2023-11-07 18:17:31,191 [   7853]   INFO - #c.i.a.o.PathMacrosImpl - Loaded path macros: {MAVEN_REPOSITORY=C:\Users\Ajith\.m2\repository}
2023-11-07 18:17:31,292 [   7954]   INFO - #c.i.o.v.n.p.PersistentFSConnector - 45 ms to load free records and inverted name index
2023-11-07 18:17:31,626 [   8288]   INFO - #c.i.u.n.s.CertificateManager - Default SSL context initialized
2023-11-07 18:17:32,139 [   8801]   INFO - #o.j.i.BuiltInServerManager - built-in server started, port 63343
2023-11-07 18:17:32,428 [   9090]   INFO - #c.i.o.v.i.l.NativeFileWatcherImpl - Native file watcher is disabled
2023-11-07 18:17:32,639 [   9301]   WARN - #c.j.p.PluginClassPathRuntimeCustomizer - There was more than one class loaded in Projector Plugin classloader - this is likely a bug!
2023-11-07 18:17:32,788 [   9450]   INFO - #c.i.i.p.PluginManager - Loaded bundled plugins: Grazie Lite (231.9011.34), Ant (231.9011.34), Java IDE Customization (231.9011.34), Java (231.9011.34), Machine Learning Code Completion (231.9011.34), Plugin DevKit (231.9011.34), TextMate Bundles (231.9011.34), Gradle-Maven (231.9011.34), Gradle-Java (231.9011.34), TestNG (231.9011.34), Groovy (231.9011.34), com.intellij.dev (231.9011.34), NetBeans Keymap (231.9011.34), Android Design Tools (231.9011.34), IDEA CORE (231.9011.34), Task Management (231.9011.34), Configuration Script (231.9011.34), IDE Features Trainer (231.9011.34), Copyright (231.9011.34), JavaFX (231.9011.34), com.intellij.tracing.ide (231.9011.34), Code Coverage for Java (231.9011.34), Smali Support (231.9011.34), Android (2022.1.1.231.9011.34), Space (231.9011.34), EditorConfig (231.9011.34), Gradle DSL API (231.9011.34), Gradle Dependency Updater Implementation (231.9011.34), Code With Me (231.9011.34), JetBrains maven model api classes (231.9011.34), Package Checker (231.9011.34), Package Search (231.9011.34), IntelliLang (231.9011.34), Settings Sync (231.9011.34), YAML (231.9011.34), Git (231.9011.34), UI Designer (231.9011.34), Shell Script (231.9011.34), Eclipse Keymap (231.9011.34), Terminal (231.9011.34), Gradle (231.9011.34), XPathView + XSLT (231.9011.34), GitHub (231.9011.34), Maven (231.9011.34), Bytecode Viewer (231.9011.34), Java Bytecode Decompiler (231.9011.34), Properties (231.9011.34), HTML Tools (231.9011.34), Lombok (231.9011.34), Eclipse Interoperability (231.9011.34), Java Stream Debugger (231.9011.34), Perforce Helix Core (231.9011.34), Markdown (231.9011.34), JUnit (231.9011.34), Machine Learning in Search Everywhere (231.9011.34), Shared Indexes (231.9011.34), WebP Support (231.9011.34), Emoji Picker (231.9011.34), Projector Libraries for Code With Me and Remote Development (231.9011.34), Toml (231.9011.34), Images (231.9011.34), Qodana (231.9011.34), Visual Studio Keymap (231.9011.34), Mercurial (231.9011.34), Java Internationalization (231.9011.34), Performance Testing (231.9011.34), JetBrains Repository Search (231.9011.34), JetBrains Marketplace Licensing Support (231.9011.34), Kotlin (231-1.8.21-IJ9011.34), Gradle-Java-Analysis (231.9011.34), Subversion (231.9011.34), Maven server api classes (231.9011.34)
2023-11-07 18:17:34,324 [  10986]   INFO - #c.i.i.s.p.i.SharedIndexMainZipStorage - Shared Indexes Storage is opened and empty
2023-11-07 18:17:35,538 [  12200]   INFO - #c.i.o.a.Experiments - Experimental features enabled for user: wsl.p9.support, wsl.prefer.p9.support, wsl.p9.show.roots.in.file.chooser, wsl.execute.with.wsl.exe, linux.native.menu, recent.and.edited.files.together, show.create.new.element.in.popup, search.everywhere.mixed.results, new.project.wizard, editor.reader.mode, new.large.text.file.viewer, terminal.shell.command.handling
2023-11-07 18:17:41,666 [  18328]   INFO - #c.i.u.i.FileBasedIndexImpl - Indices to be built:ant-imports(v = 5),org.jetbrains.kotlin.idea.vfilefinder.KotlinPartialPackageNamesIndex(v = 4),org.jetbrains.kotlin.idea.vfilefinder.KlibMetaFileIndex(v = 4),editorconfig.index.name(v = 5),javafx.custom.component(v = 2),PluginIdDependenciesIndex(v = 5),bytecodeAnalysis(v = 4107),filetypes(v = 4096),XmlNamespaces(v = 8),XsltSymbolIndex(v = 0),com.intellij.uiDesigner.FormClassIndex(v = 0),org.jetbrains.kotlin.idea.vfilefinder.KotlinMetadataFileIndex(v = 1),TodoIndex(v = 4109),org.jetbrains.kotlin.idea.vfilefinder.KotlinClassFileIndex(v = 3),HtmlTagIdIndex(v = 3),JavaFxControllerClassIndex(v = 1),com.android.tools.idea.model.AndroidManifestIndex$Companion$NAME$1.NAME(v = 10),FrameworkDetectionIndex(v = 65536),BindingXmlIndex(v = 10),IdIndex(v = 4118),xmlProperties(v = 2),java.null.method.argument(v = 4097),devkit.ExtensionPointIndex(v = 0),org.jetbrains.kotlin.idea.vfilefinder.KotlinModuleMappingIndex(v = 5),json.file.root.values(v = 5),PluginIdModuleIndex(v = 2),html5.custom.attributes.index(v = 1),NavXmlIndex(v = 10),org.jetbrains.kotlin.idea.vfilefinder.KotlinMetadataFilePackageIndex(v = 1),org.jetbrains.kotlin.idea.versions.KotlinJvmMetadataVersionIndex(v = 5),RelaxSymbolIndex(v = 0),org.jetbrains.kotlin.idea.vfilefinder.KotlinBuiltInsMetadataIndex(v = 1),org.jetbrains.kotlin.idea.vfilefinder.KotlinPackageSourcesMemberNamesIndex(v = 2),DomFileIndex(v = 0),org.jetbrains.kotlin.idea.vfilefinder.KotlinStdlibIndex(v = 1),FilenameIndex(v = 258),SchemaTypeInheritance(v = 2),org.jetbrains.kotlin.idea.vfilefinder.KotlinJvmModuleAnnotationsIndex(v = 1),Stubs(v = 46),javafx.id.name(v = 3),java.binary.plus.expression(v = 4100),fileIncludes(v = 6),yaml.keys.name(v = 1),java.auto.module.name(v = 6),XmlTagNames(v = 1),java.source.module.name(v = 4),LombokConfigIndex(v = 12),devkit.ExtensionPointClassIndex(v = 1),Trigram.Index(v = 4099),java.fun.expression(v = 4102),org.jetbrains.kotlin.idea.vfilefinder.KotlinJavaScriptMetaFileIndex(v = 4),IdeaPluginRegistrationIndex(v = 8),org.jetbrains.kotlin.idea.versions.KotlinJsMetadataVersionIndex(v = 3)
2023-11-07 18:17:41,677 [  18339]   INFO - c.i.u.i.FileBasedIndexDataInitialization - Index data initialization done: 9140 ms. Initialized indexes: [FilenameIndex, filetypes, TodoIndex, FrameworkDetectionIndex, IdIndex, Trigram.Index, DomFileIndex, fileIncludes, RelaxSymbolIndex, XmlTagNames, XmlNamespaces, html5.custom.attributes.index, SchemaTypeInheritance, json.file.root.values, editorconfig.index.name, xmlProperties, yaml.keys.name, Stubs, java.auto.module.name, XsltSymbolIndex, java.source.module.name, HtmlTagIdIndex, java.null.method.argument, IdeaPluginRegistrationIndex, bytecodeAnalysis, java.fun.expression, java.binary.plus.expression, PluginIdDependenciesIndex, devkit.ExtensionPointClassIndex, PluginIdModuleIndex, devkit.ExtensionPointIndex, LombokConfigIndex, ant-imports, javafx.id.name, JavaFxControllerClassIndex, javafx.custom.component, org.jetbrains.kotlin.idea.versions.KotlinJvmMetadataVersionIndex, org.jetbrains.kotlin.idea.versions.KotlinJsMetadataVersionIndex, org.jetbrains.kotlin.idea.vfilefinder.KotlinPartialPackageNamesIndex, org.jetbrains.kotlin.idea.vfilefinder.KotlinClassFileIndex, org.jetbrains.kotlin.idea.vfilefinder.KotlinJavaScriptMetaFileIndex, org.jetbrains.kotlin.idea.vfilefinder.KotlinMetadataFileIndex, org.jetbrains.kotlin.idea.vfilefinder.KotlinMetadataFilePackageIndex, org.jetbrains.kotlin.idea.vfilefinder.KotlinModuleMappingIndex, org.jetbrains.kotlin.idea.vfilefinder.KotlinPackageSourcesMemberNamesIndex, org.jetbrains.kotlin.idea.vfilefinder.KotlinBuiltInsMetadataIndex, org.jetbrains.kotlin.idea.vfilefinder.KotlinJvmModuleAnnotationsIndex, org.jetbrains.kotlin.idea.vfilefinder.KotlinStdlibIndex, org.jetbrains.kotlin.idea.vfilefinder.KlibMetaFileIndex, BindingXmlIndex, com.intellij.uiDesigner.FormClassIndex, com.android.tools.idea.model.AndroidManifestIndex$Companion$NAME$1.NAME, NavXmlIndex].
2023-11-07 18:17:47,100 [  23762]   INFO - #c.i.p.s.StubIndexImpl - Following stub indices will be built:org.jetbrains.kotlin.idea.stubindex.KotlinSuperClassIndex(v = 2),org.jetbrains.kotlin.idea.stubindex.KotlinPropertyShortNameIndex(v = 2),org.jetbrains.kotlin.idea.stubindex.KotlinTopLevelPropertyFqnNameIndex(v = 2),gr.class.fqn.s(v = 5),java.module.name(v = 4),gr.class.fqn(v = 4),org.jetbrains.kotlin.idea.stubindex.KotlinProbablyContractedFunctionShortNameIndex(v = 2),org.jetbrains.kotlin.idea.stubindex.KotlinFilePartClassIndex(v = 2),markdown.header.anchor(v = 2),org.jetbrains.kotlin.idea.stubindex.KotlinClassShortNameIndex(v = 2),jvm.static.member.name(v = 2),java.class.shortname(v = 4),jvm.static.member.type(v = 2),org.jetbrains.kotlin.idea.stubindex.KotlinFileFacadeClassByPackageIndex(v = 2),org.jetbrains.kotlin.idea.stubindex.KotlinTopLevelTypeAliasByPackageIndex(v = 2),kotlin.primeIndexKey(v = 2),java.anonymous.baseref(v = 2),org.jetbrains.kotlin.idea.stubindex.KotlinTopLevelFunctionByPackageIndex(v = 2),org.jetbrains.kotlin.idea.stubindex.KotlinJvmNameAnnotationIndex(v = 2),java.method.name(v = 2),gr.script.class(v = 5),org.jetbrains.kotlin.idea.stubindex.KotlinExtensionsInObjectsByReceiverTypeIndex(v = 2),org.jetbrains.kotlin.idea.stubindex.KotlinTopLevelPropertyByPackageIndex(v = 2),gr.annot.members(v = 5),org.jetbrains.kotlin.idea.stubindex.KotlinTypeAliasShortNameIndex(v = 2),dom.namespaceKey(v = 1),dom.elementClass(v = 0),java.class.extlist(v = 3),org.jetbrains.kotlin.idea.stubindex.KotlinAnnotationsIndex(v = 3),org.jetbrains.kotlin.idea.stubindex.KotlinExactPackagesIndex(v = 2),org.jetbrains.kotlin.idea.stubindex.KotlinProbablyNothingFunctionShortNameIndex(v = 2),org.jetbrains.kotlin.idea.stubindex.KotlinTopLevelFunctionFqnNameIndex(v = 2),org.jetbrains.kotlin.idea.stubindex.KotlinProbablyNothingPropertyShortNameIndex(v = 2),gr.method.name(v = 5),gr.script.fqn(v = 5),gr.annot.method.name(v = 5),gr.anonymous.class(v = 6),org.jetbrains.kotlin.idea.stubindex.KotlinScriptFqnIndex(v = 2),org.jetbrains.kotlin.idea.stubindex.KotlinFullClassNameIndex(v = 2),gr.class.super(v = 5),org.jetbrains.kotlin.idea.stubindex.KotlinMultifileClassPartIndex(v = 2),org.jetbrains.kotlin.idea.stubindex.KotlinOverridableInternalMembersShortNameIndex(v = 2),org.jetbrains.kotlin.idea.stubindex.KotlinSubclassObjectNameIndex(v = 2),org.jetbrains.kotlin.idea.stubindex.KotlinTopLevelClassByPackageIndex(v = 2),markdown.header(v = 2),gr.field.name(v = 5),org.jetbrains.kotlin.idea.stubindex.KotlinTopLevelTypeAliasFqNameIndex(v = 2),org.jetbrains.kotlin.idea.stubindex.KotlinInnerTypeAliasClassIdIndex(v = 2),gr.script.fqn.s(v = 5),org.jetbrains.kotlin.idea.stubindex.KotlinFileFacadeShortNameIndex(v = 2),java.annotations(v = 2),java.class.fqn(v = 1),org.jetbrains.kotlin.idea.stubindex.KotlinTypeAliasByExpansionShortNameIndex(v = 2),org.jetbrains.kotlin.idea.stubindex.KotlinFunctionShortNameIndex(v = 2),java.field.name(v = 2),org.jetbrains.kotlin.idea.stubindex.KotlinTopLevelExtensionsByReceiverTypeIndex(v = 3),properties.index(v = 2),java.method.parameter.types(v = 3),org.jetbrains.kotlin.idea.stubindex.KotlinFileFacadeFqNameIndex(v = 2)
2023-11-07 18:17:47,102 [  23764]   INFO - c.i.p.s.StubIndexImpl$StubIndexInitialization - Index data initialization done: 5424 ms. Initialized stub indexes: {org.jetbrains.kotlin.idea.stubindex.KotlinTopLevelExtensionsByReceiverTypeIndex, java.method.name, org.jetbrains.kotlin.idea.stubindex.KotlinProbablyContractedFunctionShortNameIndex, gr.annot.members, org.jetbrains.kotlin.idea.stubindex.KotlinTopLevelFunctionFqnNameIndex, org.jetbrains.kotlin.idea.stubindex.KotlinTopLevelFunctionByPackageIndex, org.jetbrains.kotlin.idea.stubindex.KotlinSubclassObjectNameIndex, markdown.header.anchor, dom.namespaceKey, org.jetbrains.kotlin.idea.stubindex.KotlinTypeAliasByExpansionShortNameIndex, org.jetbrains.kotlin.idea.stubindex.KotlinFileFacadeClassByPackageIndex, org.jetbrains.kotlin.idea.stubindex.KotlinExtensionsInObjectsByReceiverTypeIndex, org.jetbrains.kotlin.idea.stubindex.KotlinFilePartClassIndex, java.method.parameter.types, org.jetbrains.kotlin.idea.stubindex.KotlinPropertyShortNameIndex, org.jetbrains.kotlin.idea.stubindex.KotlinInnerTypeAliasClassIdIndex, kotlin.primeIndexKey, markdown.header, gr.class.fqn.s, gr.method.name, org.jetbrains.kotlin.idea.stubindex.KotlinJvmNameAnnotationIndex, org.jetbrains.kotlin.idea.stubindex.KotlinProbablyNothingPropertyShortNameIndex, dom.elementClass, org.jetbrains.kotlin.idea.stubindex.KotlinExactPackagesIndex, org.jetbrains.kotlin.idea.stubindex.KotlinFullClassNameIndex, java.field.name, org.jetbrains.kotlin.idea.stubindex.KotlinTopLevelClassByPackageIndex, org.jetbrains.kotlin.idea.stubindex.KotlinFileFacadeFqNameIndex, properties.index, java.class.shortname, gr.annot.method.name, org.jetbrains.kotlin.idea.stubindex.KotlinMultifileClassPartIndex, gr.script.fqn, org.jetbrains.kotlin.idea.stubindex.KotlinOverridableInternalMembersShortNameIndex, java.class.fqn, org.jetbrains.kotlin.idea.stubindex.KotlinSuperClassIndex, org.jetbrains.kotlin.idea.stubindex.KotlinTopLevelPropertyByPackageIndex, jvm.static.member.name, java.annotations, org.jetbrains.kotlin.idea.stubindex.KotlinScriptFqnIndex, org.jetbrains.kotlin.idea.stubindex.KotlinProbablyNothingFunctionShortNameIndex, gr.class.fqn, org.jetbrains.kotlin.idea.stubindex.KotlinClassShortNameIndex, jvm.static.member.type, gr.script.fqn.s, gr.anonymous.class, gr.field.name, java.anonymous.baseref, org.jetbrains.kotlin.idea.stubindex.KotlinAnnotationsIndex, org.jetbrains.kotlin.idea.stubindex.KotlinFunctionShortNameIndex, org.jetbrains.kotlin.idea.stubindex.KotlinTopLevelTypeAliasFqNameIndex, gr.class.super, java.class.extlist, org.jetbrains.kotlin.idea.stubindex.KotlinTypeAliasShortNameIndex, org.jetbrains.kotlin.idea.stubindex.KotlinTopLevelPropertyFqnNameIndex, gr.script.class, org.jetbrains.kotlin.idea.stubindex.KotlinTopLevelTypeAliasByPackageIndex, java.module.name, org.jetbrains.kotlin.idea.stubindex.KotlinFileFacadeShortNameIndex}.
2023-11-07 18:18:07,391 [  44053]   INFO - #c.i.o.a.i.NonBlockingReadActionImpl - OTel monitoring for NonBlockingReadAction is enabled
2023-11-07 18:18:23,099 [  59761]   INFO - #c.i.r.OsRegistryConfigProvider - Looking for 'lobbyServerUrl' value in [HKLM_64\SOFTWARE\JetBrains\CodeWithMe\lobbyServerUrl, HKLM_32\SOFTWARE\JetBrains\CodeWithMe\lobbyServerUrl, HKCU_64\SOFTWARE\JetBrains\CodeWithMe\lobbyServerUrl, HKCU_32\SOFTWARE\JetBrains\CodeWithMe\lobbyServerUrl]
2023-11-07 18:18:23,108 [  59770]   INFO - #c.i.r.OsRegistryConfigProvider - OS provided value for 'lobbyServerUrl' is not found
2023-11-07 18:18:23,110 [  59772]   INFO - #c.j.r.p.c.u.CodeWithMeSystemSettings - Setting default value='https://code-with-me.jetbrains.com'
2023-11-07 18:18:23,142 [  59804]   INFO - #c.i.r.OsRegistryConfigProvider - Looking for 'lobbyServerUrl' value in [HKLM_64\SOFTWARE\JetBrains\CodeWithMe\lobbyServerUrl, HKLM_32\SOFTWARE\JetBrains\CodeWithMe\lobbyServerUrl, HKCU_64\SOFTWARE\JetBrains\CodeWithMe\lobbyServerUrl, HKCU_32\SOFTWARE\JetBrains\CodeWithMe\lobbyServerUrl]
2023-11-07 18:18:23,144 [  59806]   INFO - #c.i.r.OsRegistryConfigProvider - OS provided value for 'lobbyServerUrl' is not found
2023-11-07 18:18:23,144 [  59806]   INFO - #c.j.r.p.c.u.CodeWithMeSystemSettings - Setting default value='https://code-with-me.jetbrains.com'
2023-11-07 18:18:31,818 [  68480]   WARN - #c.i.u.j.JBCefApp - JCEF is manually disabled in headless env via 'ide.browser.jcef.headless.enabled=false'
2023-11-07 18:18:31,858 [  68520]   INFO - #org.intellij.plugins.markdown.settings.MarkdownSettings - Migrating Markdown settings
2023-11-07 18:18:43,182 [  79844]   INFO - STDOUT - Found 223 configurables
2023-11-07 18:18:51,180 [  87842]   INFO - STDOUT - Output written to C:\Users\Ajith\Downloads\pitestErrorProject\build\searchableOptions\devkit.jar!\search\devkit.jar!.searchableOptions.xml
2023-11-07 18:18:51,230 [  87892]   INFO - STDOUT - Output written to C:\Users\Ajith\Downloads\pitestErrorProject\build\searchableOptions\textmate.jar\search\textmate.jar.searchableOptions.xml
2023-11-07 18:18:51,255 [  87917]   INFO - STDOUT - Output written to C:\Users\Ajith\Downloads\pitestErrorProject\build\searchableOptions\markdown.jar\search\markdown.jar.searchableOptions.xml
2023-11-07 18:18:51,278 [  87940]   INFO - STDOUT - Output written to C:\Users\Ajith\Downloads\pitestErrorProject\build\searchableOptions\IntelliLang.jar\search\IntelliLang.jar.searchableOptions.xml
2023-11-07 18:18:51,282 [  87944]   INFO - STDOUT - Output written to C:\Users\Ajith\Downloads\pitestErrorProject\build\searchableOptions\eclipse.jar\search\eclipse.jar.searchableOptions.xml
2023-11-07 18:18:51,424 [  88086]   INFO - STDOUT - Output written to C:\Users\Ajith\Downloads\pitestErrorProject\build\searchableOptions\tasks-core.jar\search\tasks-core.jar.searchableOptions.xml
2023-11-07 18:18:51,458 [  88120]   INFO - STDOUT - Output written to C:\Users\Ajith\Downloads\pitestErrorProject\build\searchableOptions\sh.jar\search\sh.jar.searchableOptions.xml
2023-11-07 18:18:51,468 [  88130]   INFO - STDOUT - Output written to C:\Users\Ajith\Downloads\pitestErrorProject\build\searchableOptions\java-coverage.jar\search\java-coverage.jar.searchableOptions.xml
2023-11-07 18:18:51,474 [  88136]   INFO - STDOUT - Output written to C:\Users\Ajith\Downloads\pitestErrorProject\build\searchableOptions\devkit.jar\search\devkit.jar.searchableOptions.xml
2023-11-07 18:18:51,483 [  88145]   INFO - STDOUT - Output written to C:\Users\Ajith\Downloads\pitestErrorProject\build\searchableOptions\java-impl.jar!\search\java-impl.jar!.searchableOptions.xml
2023-11-07 18:18:51,488 [  88150]   INFO - STDOUT - Output written to C:\Users\Ajith\Downloads\pitestErrorProject\build\searchableOptions\javaFX.jar!\search\javaFX.jar!.searchableOptions.xml
2023-11-07 18:18:51,499 [  88161]   INFO - STDOUT - Output written to C:\Users\Ajith\Downloads\pitestErrorProject\build\searchableOptions\searchEverywhereMl.jar\search\searchEverywhereMl.jar.searchableOptions.xml
2023-11-07 18:18:51,503 [  88165]   INFO - STDOUT - Output written to C:\Users\Ajith\Downloads\pitestErrorProject\build\searchableOptions\idea-junit.jar!\search\idea-junit.jar!.searchableOptions.xml
2023-11-07 18:18:51,514 [  88176]   INFO - STDOUT - Output written to C:\Users\Ajith\Downloads\pitestErrorProject\build\searchableOptions\uiDesigner.jar\search\uiDesigner.jar.searchableOptions.xml
2023-11-07 18:18:51,524 [  88186]   INFO - STDOUT - Output written to C:\Users\Ajith\Downloads\pitestErrorProject\build\searchableOptions\javaFX.jar\search\javaFX.jar.searchableOptions.xml
2023-11-07 18:18:51,530 [  88192]   INFO - STDOUT - Output written to C:\Users\Ajith\Downloads\pitestErrorProject\build\searchableOptions\dev.jar\search\dev.jar.searchableOptions.xml
2023-11-07 18:18:51,535 [  88197]   INFO - STDOUT - Output written to C:\Users\Ajith\Downloads\pitestErrorProject\build\searchableOptions\space.jar\search\space.jar.searchableOptions.xml
2023-11-07 18:18:51,555 [  88217]   INFO - STDOUT - Output written to C:\Users\Ajith\Downloads\pitestErrorProject\build\searchableOptions\cwm-plugin-terminal.jar\search\cwm-plugin-terminal.jar.searchableOptions.xml
2023-11-07 18:18:51,570 [  88232]   INFO - STDOUT - Output written to C:\Users\Ajith\Downloads\pitestErrorProject\build\searchableOptions\vcs-svn.jar\search\vcs-svn.jar.searchableOptions.xml
2023-11-07 18:18:51,590 [  88252]   INFO - STDOUT - Output written to C:\Users\Ajith\Downloads\pitestErrorProject\build\searchableOptions\byteCodeViewer.jar\search\byteCodeViewer.jar.searchableOptions.xml
2023-11-07 18:18:51,596 [  88258]   INFO - STDOUT - Output written to C:\Users\Ajith\Downloads\pitestErrorProject\build\searchableOptions\testng-plugin.jar!\search\testng-plugin.jar!.searchableOptions.xml
2023-11-07 18:18:51,617 [  88279]   INFO - STDOUT - Output written to C:\Users\Ajith\Downloads\pitestErrorProject\build\searchableOptions\android.jar!\search\android.jar!.searchableOptions.xml
2023-11-07 18:18:51,631 [  88293]   INFO - STDOUT - Output written to C:\Users\Ajith\Downloads\pitestErrorProject\build\searchableOptions\marketplace.jar\search\marketplace.jar.searchableOptions.xml
2023-11-07 18:18:51,642 [  88304]   INFO - STDOUT - Output written to C:\Users\Ajith\Downloads\pitestErrorProject\build\searchableOptions\maven.jar\search\maven.jar.searchableOptions.xml
2023-11-07 18:18:51,648 [  88310]   INFO - STDOUT - Output written to C:\Users\Ajith\Downloads\pitestErrorProject\build\searchableOptions\copyright.jar\search\copyright.jar.searchableOptions.xml
2023-11-07 18:18:51,654 [  88316]   INFO - STDOUT - Output written to C:\Users\Ajith\Downloads\pitestErrorProject\build\searchableOptions\maven.jar!\search\maven.jar!.searchableOptions.xml
2023-11-07 18:18:51,670 [  88332]   INFO - STDOUT - Output written to C:\Users\Ajith\Downloads\pitestErrorProject\build\searchableOptions\Groovy.jar\search\Groovy.jar.searchableOptions.xml
2023-11-07 18:18:51,685 [  88347]   INFO - STDOUT - Output written to C:\Users\Ajith\Downloads\pitestErrorProject\build\searchableOptions\terminal.jar\search\terminal.jar.searchableOptions.xml
2023-11-07 18:18:51,694 [  88356]   INFO - STDOUT - Output written to C:\Users\Ajith\Downloads\pitestErrorProject\build\searchableOptions\antIntegration.jar\search\antIntegration.jar.searchableOptions.xml
2023-11-07 18:18:51,708 [  88370]   INFO - STDOUT - Output written to C:\Users\Ajith\Downloads\pitestErrorProject\build\searchableOptions\gradle-java.jar\search\gradle-java.jar.searchableOptions.xml
2023-11-07 18:18:51,716 [  88378]   INFO - STDOUT - Output written to C:\Users\Ajith\Downloads\pitestErrorProject\build\searchableOptions\properties.jar\search\properties.jar.searchableOptions.xml
2023-11-07 18:18:51,738 [  88400]   INFO - STDOUT - Output written to C:\Users\Ajith\Downloads\pitestErrorProject\build\searchableOptions\java-impl.jar\search\java-impl.jar.searchableOptions.xml
2023-11-07 18:18:51,743 [  88405]   INFO - STDOUT - Output written to C:\Users\Ajith\Downloads\pitestErrorProject\build\searchableOptions\adt-ui.jar\search\adt-ui.jar.searchableOptions.xml
2023-11-07 18:18:51,751 [  88413]   INFO - STDOUT - Output written to C:\Users\Ajith\Downloads\pitestErrorProject\build\searchableOptions\html-tools.jar\search\html-tools.jar.searchableOptions.xml
2023-11-07 18:18:51,760 [  88422]   INFO - STDOUT - Output written to C:\Users\Ajith\Downloads\pitestErrorProject\build\searchableOptions\vcs-perforce.jar\search\vcs-perforce.jar.searchableOptions.xml
2023-11-07 18:18:51,769 [  88431]   INFO - STDOUT - Output written to C:\Users\Ajith\Downloads\pitestErrorProject\build\searchableOptions\java-debugger-streams.jar\search\java-debugger-streams.jar.searchableOptions.xml
2023-11-07 18:18:51,781 [  88443]   INFO - STDOUT - Output written to C:\Users\Ajith\Downloads\pitestErrorProject\build\searchableOptions\gradle.jar\search\gradle.jar.searchableOptions.xml
2023-11-07 18:18:51,805 [  88467]   INFO - STDOUT - Output written to C:\Users\Ajith\Downloads\pitestErrorProject\build\searchableOptions\testng-plugin.jar\search\testng-plugin.jar.searchableOptions.xml
2023-11-07 18:18:51,818 [  88480]   INFO - STDOUT - Output written to C:\Users\Ajith\Downloads\pitestErrorProject\build\searchableOptions\grazie.jar\search\grazie.jar.searchableOptions.xml
2023-11-07 18:18:51,827 [  88489]   INFO - STDOUT - Output written to C:\Users\Ajith\Downloads\pitestErrorProject\build\searchableOptions\qodana.jar\search\qodana.jar.searchableOptions.xml
2023-11-07 18:18:51,876 [  88538]   INFO - STDOUT - Output written to C:\Users\Ajith\Downloads\pitestErrorProject\build\searchableOptions\app.jar\search\app.jar.searchableOptions.xml
2023-11-07 18:18:51,906 [  88568]   INFO - STDOUT - Output written to C:\Users\Ajith\Downloads\pitestErrorProject\build\searchableOptions\android.jar\search\android.jar.searchableOptions.xml
2023-11-07 18:18:51,920 [  88582]   INFO - STDOUT - Output written to C:\Users\Ajith\Downloads\pitestErrorProject\build\searchableOptions\completionMlRanking.jar\search\completionMlRanking.jar.searchableOptions.xml
2023-11-07 18:18:51,933 [  88595]   INFO - STDOUT - Output written to C:\Users\Ajith\Downloads\pitestErrorProject\build\searchableOptions\java-decompiler.jar\search\java-decompiler.jar.searchableOptions.xml
2023-11-07 18:18:51,944 [  88606]   INFO - STDOUT - Output written to C:\Users\Ajith\Downloads\pitestErrorProject\build\searchableOptions\vcs-hg.jar\search\vcs-hg.jar.searchableOptions.xml
2023-11-07 18:18:51,956 [  88618]   INFO - STDOUT - Output written to C:\Users\Ajith\Downloads\pitestErrorProject\build\searchableOptions\xpath.jar\search\xpath.jar.searchableOptions.xml
2023-11-07 18:18:51,965 [  88627]   INFO - STDOUT - Output written to C:\Users\Ajith\Downloads\pitestErrorProject\build\searchableOptions\performanceTesting.jar\search\performanceTesting.jar.searchableOptions.xml
2023-11-07 18:18:51,982 [  88644]   INFO - STDOUT - Output written to C:\Users\Ajith\Downloads\pitestErrorProject\build\searchableOptions\packageSearch.jar\search\packageSearch.jar.searchableOptions.xml
2023-11-07 18:18:51,987 [  88649]   INFO - STDOUT - Output written to C:\Users\Ajith\Downloads\pitestErrorProject\build\searchableOptions\cwm-common.jar\search\cwm-common.jar.searchableOptions.xml
2023-11-07 18:18:51,996 [  88658]   INFO - STDOUT - Output written to C:\Users\Ajith\Downloads\pitestErrorProject\build\searchableOptions\java-i18n.jar\search\java-i18n.jar.searchableOptions.xml
2023-11-07 18:18:52,003 [  88665]   INFO - STDOUT - Output written to C:\Users\Ajith\Downloads\pitestErrorProject\build\searchableOptions\Groovy.jar!\search\Groovy.jar!.searchableOptions.xml
2023-11-07 18:18:52,015 [  88677]   INFO - STDOUT - Output written to C:\Users\Ajith\Downloads\pitestErrorProject\build\searchableOptions\emojipicker.jar\search\emojipicker.jar.searchableOptions.xml
2023-11-07 18:18:52,019 [  88681]   INFO - STDOUT - Output written to C:\Users\Ajith\Downloads\pitestErrorProject\build\searchableOptions\toml.jar\search\toml.jar.searchableOptions.xml
2023-11-07 18:18:52,028 [  88690]   INFO - STDOUT - Output written to C:\Users\Ajith\Downloads\pitestErrorProject\build\searchableOptions\idea-junit.jar\search\idea-junit.jar.searchableOptions.xml
2023-11-07 18:18:52,040 [  88702]   INFO - STDOUT - Output written to C:\Users\Ajith\Downloads\pitestErrorProject\build\searchableOptions\yaml.jar\search\yaml.jar.searchableOptions.xml
2023-11-07 18:18:52,048 [  88710]   INFO - STDOUT - Output written to C:\Users\Ajith\Downloads\pitestErrorProject\build\searchableOptions\packageChecker.jar\search\packageChecker.jar.searchableOptions.xml
2023-11-07 18:18:52,060 [  88722]   INFO - STDOUT - Output written to C:\Users\Ajith\Downloads\pitestErrorProject\build\searchableOptions\platform-tracing-ide.jar\search\platform-tracing-ide.jar.searchableOptions.xml
2023-11-07 18:18:52,079 [  88741]   INFO - STDOUT - Output written to C:\Users\Ajith\Downloads\pitestErrorProject\build\searchableOptions\editorconfig.jar\search\editorconfig.jar.searchableOptions.xml
2023-11-07 18:18:52,090 [  88752]   INFO - STDOUT - Output written to C:\Users\Ajith\Downloads\pitestErrorProject\build\searchableOptions\vcs-github.jar\search\vcs-github.jar.searchableOptions.xml
2023-11-07 18:18:52,098 [  88760]   INFO - STDOUT - Output written to C:\Users\Ajith\Downloads\pitestErrorProject\build\searchableOptions\lombok.jar\search\lombok.jar.searchableOptions.xml
2023-11-07 18:18:52,103 [  88765]   INFO - STDOUT - Output written to C:\Users\Ajith\Downloads\pitestErrorProject\build\searchableOptions\platform-langInjection.jar\search\platform-langInjection.jar.searchableOptions.xml
2023-11-07 18:18:52,116 [  88778]   INFO - STDOUT - Output written to C:\Users\Ajith\Downloads\pitestErrorProject\build\searchableOptions\platform-images.jar\search\platform-images.jar.searchableOptions.xml
2023-11-07 18:18:52,127 [  88789]   INFO - STDOUT - Output written to C:\Users\Ajith\Downloads\pitestErrorProject\build\searchableOptions\vcs-git.jar\search\vcs-git.jar.searchableOptions.xml
2023-11-07 18:18:52,139 [  88801]   INFO - STDOUT - Output written to C:\Users\Ajith\Downloads\pitestErrorProject\build\searchableOptions\kotlin-plugin.jar\search\kotlin-plugin.jar.searchableOptions.xml
2023-11-07 18:18:52,145 [  88807]   INFO - STDOUT - Output written to C:\Users\Ajith\Downloads\pitestErrorProject\build\searchableOptions\indexing-shared.jar\search\indexing-shared.jar.searchableOptions.xml
2023-11-07 18:18:52,158 [  88820]   INFO - STDOUT - Output written to C:\Users\Ajith\Downloads\pitestErrorProject\build\searchableOptions\featuresTrainer.jar\search\featuresTrainer.jar.searchableOptions.xml
2023-11-07 18:18:52,177 [  88839]   INFO - STDOUT - Output written to C:\Users\Ajith\Downloads\pitestErrorProject\build\searchableOptions\design-tools.jar\search\design-tools.jar.searchableOptions.xml
2023-11-07 18:18:52,189 [  88851]   INFO - STDOUT - Output written to C:\Users\Ajith\Downloads\pitestErrorProject\build\searchableOptions\kotlin-plugin.jar!\search\kotlin-plugin.jar!.searchableOptions.xml
2023-11-07 18:18:52,197 [  88859]   INFO - STDOUT - Output written to C:\Users\Ajith\Downloads\pitestErrorProject\build\searchableOptions\cwm-host.jar\search\cwm-host.jar.searchableOptions.xml
2023-11-07 18:18:52,210 [  88872]   INFO - STDOUT - Output written to C:\Users\Ajith\Downloads\pitestErrorProject\build\searchableOptions\gradle-java-maven.jar\search\gradle-java-maven.jar.searchableOptions.xml
2023-11-07 18:18:52,222 [  88884]   INFO - STDOUT - Output written to C:\Users\Ajith\Downloads\pitestErrorProject\build\searchableOptions\settingsSync.jar\search\settingsSync.jar.searchableOptions.xml
2023-11-07 18:18:52,225 [  88887]   INFO - STDOUT - Searchable options index builder completed
2023-11-07 18:18:52,301 [  88963]   INFO - #o.j.i.BuiltInServer - web server stopped
2023-11-07 18:18:52,332 [  88994]   INFO - #c.i.u.i.FileBasedIndexImpl - Index dispose started
2023-11-07 18:18:52,447 [  89109]   INFO - #c.i.p.s.StubIndexImpl - StubIndexExtension-s were unloaded
2023-11-07 18:18:52,447 [  89109]   INFO - #c.i.p.s.SerializationManagerImpl - Start shutting down C:\Users\Ajith\Downloads\pitestErrorProject\build\idea-sandbox\system\index\rep.names
2023-11-07 18:18:52,454 [  89116]   INFO - #c.i.p.s.SerializationManagerImpl - Finished shutting down C:\Users\Ajith\Downloads\pitestErrorProject\build\idea-sandbox\system\index\rep.names
2023-11-07 18:18:52,495 [  89157]   INFO - #c.i.u.i.FileBasedIndexImpl - Index dispose completed in 162ms.
2023-11-07 18:18:52,722 [  89384]   INFO - #c.i.o.v.n.p.PersistentFSImpl - VFS dispose started
2023-11-07 18:18:52,745 [  89407]   INFO - #c.i.o.v.n.p.PersistentFSImpl - VFS dispose completed in 22ms.
2023-11-07 18:18:52,777 [  89439]   INFO - #c.i.o.f.i.FileTypeDetectionService - 0 auto-detected files. Detection took 0 ms
2023-11-07 18:18:52,790 [  89452]   INFO - #c.i.i.AppStarter - ------------------------------------------------------ IDE SHUTDOWN ------------------------------------------------------
